Using pre-set license
Built from '2020.3/staging' branch; Version is '2020.3.8f1 (507919d4fff5) revision 5273881'; Using compiler version '192528614'; Build Type 'Release'
OS: 'Windows 10 Pro; OS build 19045.4046; Version 2009; 64bit' Language: 'zh' Physical Memory: 49102 MB
BatchMode: 1, IsHumanControllingUs: 0, StartBugReporterOnCrash: 0, Is64bit: 1, IsPro: 0

 COMMAND LINE ARGUMENTS:
E:\unity\2020.3.8f1\Editor\Unity.exe
-adb2
-batchMode
-noUpm
-name
AssetImportWorker0
-projectPath
F:/GameServer/GaneServerSolution/GameConnectServer
-logFile
Logs/AssetImportWorker0.log
-srvPort
61371
Successfully changed project path to: F:/GameServer/GaneServerSolution/GameConnectServer
F:/GameServer/GaneServerSolution/GameConnectServer
Using Asset Import Pipeline V2.
Refreshing native plugins compatible for Editor in 20.07 ms, found 0 plugins.
Preloading 0 native plugins for Editor in 0.00 ms.
Initialize engine version: 2020.3.8f1 (507919d4fff5)
[Subsystems] Discovering subsystems at path E:/unity/2020.3.8f1/Editor/Data/Resources/UnitySubsystems
[Subsystems] Discovering subsystems at path F:/GameServer/GaneServerSolution/GameConnectServer/Assets
GfxDevice: creating device client; threaded=0
Direct3D:
    Version:  Direct3D 11.0 [level 11.1]
    Renderer: NVIDIA GeForce RTX 3060 Ti (ID=0x2486)
    Vendor:   
    VRAM:     8038 MB
    Driver:   31.0.15.4633
Initialize mono
Mono path[0] = 'E:/unity/2020.3.8f1/Editor/Data/Managed'
Mono path[1] = 'E:/unity/2020.3.8f1/Editor/Data/MonoBleedingEdge/lib/mono/unityjit'
Mono config path = 'E:/unity/2020.3.8f1/Editor/Data/MonoBleedingEdge/etc'
Using monoOptions --debugger-agent=transport=dt_socket,embedding=1,server=y,suspend=n,address=127.0.0.1:56596
Begin MonoManager ReloadAssembly
Registering precompiled unity dll's ...
Register platform support module: E:/unity/2020.3.8f1/Editor/Data/PlaybackEngines/WindowsStandaloneSupport/UnityEditor.WindowsStandalone.Extensions.dll
Registered in 0.002130 seconds.
Native extension for WindowsStandalone target not found
Refreshing native plugins compatible for Editor in 21.79 ms, found 0 plugins.
Preloading 0 native plugins for Editor in 0.00 ms.
Mono: successfully reloaded assembly
- Completed reload, in  1.338 seconds
Platform modules already initialized, skipping
Registering precompiled user dll's ...
Registered in 0.000407 seconds.
Begin MonoManager ReloadAssembly
Native extension for WindowsStandalone target not found
Refreshing native plugins compatible for Editor in 0.20 ms, found 0 plugins.
Preloading 0 native plugins for Editor in 0.00 ms.
Mono: successfully reloaded assembly
- Completed reload, in  0.713 seconds
Platform modules already initialized, skipping
========================================================================
Worker process is ready to serve import requests
Launched and connected shader compiler UnityShaderCompiler.exe after 0.04 seconds
Refreshing native plugins compatible for Editor in 0.20 ms, found 0 plugins.
Preloading 0 native plugins for Editor in 0.00 ms.
Unloading 1115 Unused Serialized files (Serialized files now loaded: 0)
System memory in use before: 59.4 MB.
System memory in use after: 59.5 MB.

Unloading 9 unused Assets to reduce memory usage. Loaded Objects now: 1558.
Total: 1.928500 ms (FindLiveObjects: 0.189700 ms CreateObjectMapping: 0.034300 ms MarkObjects: 1.631800 ms  DeleteObjects: 0.071800 ms)

========================================================================
Received Import Request.
  path: Assets/DLLs
  artifactKey: Guid(a07c48ebac052a340839819b19a7a91d) Importer(815301076,1909f56bfc062723c751e8b465ee728b)
Start importing Assets/DLLs using Guid(a07c48ebac052a340839819b19a7a91d) Importer(815301076,1909f56bfc062723c751e8b465ee728b)  -> (artifact id: '37e29869a0b234a62ac8c177ae19fa83') in 0.009176 seconds
  Import took 0.011614 seconds .

========================================================================
Received Import Request.
  Time since last request: 7.661889 seconds.
  path: Assets/_Scripts
  artifactKey: Guid(29e0c46a372e46346828be9a9c724737) Importer(815301076,1909f56bfc062723c751e8b465ee728b)
Start importing Assets/_Scripts using Guid(29e0c46a372e46346828be9a9c724737) Importer(815301076,1909f56bfc062723c751e8b465ee728b)  -> (artifact id: '7e05090a58379d0561d165b838a589d0') in 0.008378 seconds
  Import took 0.010293 seconds .

========================================================================
Received Import Request.
  Time since last request: 11.870603 seconds.
  path: Assets/_Scripts/GameManager.cs
  artifactKey: Guid(4ba48e7dbd93a7845a5f672290c0e8b8) Importer(815301076,1909f56bfc062723c751e8b465ee728b)
Start importing Assets/_Scripts/GameManager.cs using Guid(4ba48e7dbd93a7845a5f672290c0e8b8) Importer(815301076,1909f56bfc062723c751e8b465ee728b)  -> (artifact id: '7467e6332f21e424ada74be6b942253d') in 0.036431 seconds
  Import took 0.038556 seconds .

========================================================================
Received Import Request.
  Time since last request: 0.056585 seconds.
  path: Assets/_Scripts/GameManager.cs
  artifactKey: Guid(4ba48e7dbd93a7845a5f672290c0e8b8) Importer(815301076,1909f56bfc062723c751e8b465ee728b)
Start importing Assets/_Scripts/GameManager.cs using Guid(4ba48e7dbd93a7845a5f672290c0e8b8) Importer(815301076,1909f56bfc062723c751e8b465ee728b)  -> (artifact id: '7467e6332f21e424ada74be6b942253d') in 0.001626 seconds
  Import took 0.004326 seconds .

========================================================================
Received Prepare
Registering precompiled user dll's ...
Registered in 0.001140 seconds.
Begin MonoManager ReloadAssembly
Native extension for WindowsStandalone target not found
Refreshing native plugins compatible for Editor in 0.25 ms, found 0 plugins.
Preloading 0 native plugins for Editor in 0.00 ms.
Mono: successfully reloaded assembly
- Completed reload, in  0.727 seconds
Platform modules already initialized, skipping
Refreshing native plugins compatible for Editor in 0.50 ms, found 0 plugins.
Preloading 0 native plugins for Editor in 0.00 ms.
Unloading 1110 Unused Serialized files (Serialized files now loaded: 0)
System memory in use before: 59.3 MB.
System memory in use after: 59.4 MB.

Unloading 4 unused Assets to reduce memory usage. Loaded Objects now: 1562.
Total: 1.431200 ms (FindLiveObjects: 0.116600 ms CreateObjectMapping: 0.023200 ms MarkObjects: 1.277300 ms  DeleteObjects: 0.013000 ms)

========================================================================
Received Prepare
Registering precompiled user dll's ...
Registered in 0.000761 seconds.
Begin MonoManager ReloadAssembly
Native extension for WindowsStandalone target not found
Refreshing native plugins compatible for Editor in 0.30 ms, found 0 plugins.
Preloading 0 native plugins for Editor in 0.00 ms.
Mono: successfully reloaded assembly
- Completed reload, in  0.688 seconds
Platform modules already initialized, skipping
Refreshing native plugins compatible for Editor in 0.49 ms, found 0 plugins.
Preloading 0 native plugins for Editor in 0.00 ms.
Unloading 1111 Unused Serialized files (Serialized files now loaded: 0)
System memory in use before: 59.4 MB.
System memory in use after: 59.5 MB.

Unloading 5 unused Assets to reduce memory usage. Loaded Objects now: 1565.
Total: 1.499600 ms (FindLiveObjects: 0.247500 ms CreateObjectMapping: 0.024500 ms MarkObjects: 1.216400 ms  DeleteObjects: 0.010300 ms)

========================================================================
Received Import Request.
  Time since last request: 265.746191 seconds.
  path: Assets/DLLs/SharedLibrary.dll
  artifactKey: Guid(9a220c727ead0234babc419364af297e) Importer(815301076,1909f56bfc062723c751e8b465ee728b)
Start importing Assets/DLLs/SharedLibrary.dll using Guid(9a220c727ead0234babc419364af297e) Importer(815301076,1909f56bfc062723c751e8b465ee728b)  -> (artifact id: '3a2636fcbef1c598b9a20e3f67c7f3c9') in 0.011865 seconds
  Import took 0.013716 seconds .

========================================================================
Received Import Request.
  Time since last request: 0.109327 seconds.
  path: Assets/DLLs/SharedLibrary.dll
  artifactKey: Guid(9a220c727ead0234babc419364af297e) Importer(815301076,1909f56bfc062723c751e8b465ee728b)
Start importing Assets/DLLs/SharedLibrary.dll using Guid(9a220c727ead0234babc419364af297e) Importer(815301076,1909f56bfc062723c751e8b465ee728b)  -> (artifact id: '3a2636fcbef1c598b9a20e3f67c7f3c9') in 0.001554 seconds
  Import took 0.003206 seconds .

========================================================================
Received Import Request.
  Time since last request: 44.233804 seconds.
  path: Assets/DLLs/SharedLibrary.dll
  artifactKey: Guid(9a220c727ead0234babc419364af297e) Importer(815301076,1909f56bfc062723c751e8b465ee728b)
Start importing Assets/DLLs/SharedLibrary.dll using Guid(9a220c727ead0234babc419364af297e) Importer(815301076,1909f56bfc062723c751e8b465ee728b)  -> (artifact id: '27272224c58606d67f0aed64073774d6') in 0.001416 seconds
  Import took 0.003062 seconds .

========================================================================
Received Import Request.
  Time since last request: 0.000387 seconds.
  path: Assets/DLLs/SharedLibrary.dll
  artifactKey: Guid(9a220c727ead0234babc419364af297e) Importer(815301076,1909f56bfc062723c751e8b465ee728b)
Start importing Assets/DLLs/SharedLibrary.dll using Guid(9a220c727ead0234babc419364af297e) Importer(815301076,1909f56bfc062723c751e8b465ee728b)  -> (artifact id: '27272224c58606d67f0aed64073774d6') in 0.001560 seconds
  Import took 0.003527 seconds .

========================================================================
Received Prepare
Registering precompiled user dll's ...
Registered in 0.000773 seconds.
Begin MonoManager ReloadAssembly
Native extension for WindowsStandalone target not found
Refreshing native plugins compatible for Editor in 0.33 ms, found 0 plugins.
Preloading 0 native plugins for Editor in 0.00 ms.
Mono: successfully reloaded assembly
- Completed reload, in  0.678 seconds
Platform modules already initialized, skipping
Refreshing native plugins compatible for Editor in 0.19 ms, found 0 plugins.
Preloading 0 native plugins for Editor in 0.00 ms.
Unloading 1111 Unused Serialized files (Serialized files now loaded: 0)
System memory in use before: 59.4 MB.
System memory in use after: 59.5 MB.

Unloading 5 unused Assets to reduce memory usage. Loaded Objects now: 1568.
Total: 1.300900 ms (FindLiveObjects: 0.134000 ms CreateObjectMapping: 0.022500 ms MarkObjects: 1.133500 ms  DeleteObjects: 0.009400 ms)

========================================================================
Received Import Request.
  Time since last request: 10.556542 seconds.
  path: Assets/DLLs/SharedLibrary.dll
  artifactKey: Guid(9a220c727ead0234babc419364af297e) Importer(815301076,1909f56bfc062723c751e8b465ee728b)
Start importing Assets/DLLs/SharedLibrary.dll using Guid(9a220c727ead0234babc419364af297e) Importer(815301076,1909f56bfc062723c751e8b465ee728b)  -> (artifact id: '5a0c205afb3340cebe61265f22e71f5b') in 0.003780 seconds
  Import took 0.006090 seconds .

========================================================================
Received Prepare
Registering precompiled user dll's ...
Registered in 0.000757 seconds.
Begin MonoManager ReloadAssembly
Native extension for WindowsStandalone target not found
Refreshing native plugins compatible for Editor in 0.21 ms, found 0 plugins.
Preloading 0 native plugins for Editor in 0.00 ms.
Mono: successfully reloaded assembly
- Completed reload, in  0.665 seconds
Platform modules already initialized, skipping
Refreshing native plugins compatible for Editor in 0.30 ms, found 0 plugins.
Preloading 0 native plugins for Editor in 0.00 ms.
Unloading 1111 Unused Serialized files (Serialized files now loaded: 0)
System memory in use before: 59.4 MB.
System memory in use after: 59.5 MB.

Unloading 5 unused Assets to reduce memory usage. Loaded Objects now: 1571.
Total: 1.427300 ms (FindLiveObjects: 0.157900 ms CreateObjectMapping: 0.025700 ms MarkObjects: 1.230300 ms  DeleteObjects: 0.012300 ms)

========================================================================
Received Import Request.
  Time since last request: 45.198934 seconds.
  path: Assets/_Scripts/HttpClient.cs
  artifactKey: Guid(65221f24ddc73a04989ee54e7caac865) Importer(815301076,1909f56bfc062723c751e8b465ee728b)
Start importing Assets/_Scripts/HttpClient.cs using Guid(65221f24ddc73a04989ee54e7caac865) Importer(815301076,1909f56bfc062723c751e8b465ee728b)  -> (artifact id: '80608be253f8b94eaddda957d6eb6810') in 0.008211 seconds
  Import took 0.010190 seconds .

========================================================================
Received Prepare
Registering precompiled user dll's ...
Registered in 0.000688 seconds.
Begin MonoManager ReloadAssembly
Native extension for WindowsStandalone target not found
Refreshing native plugins compatible for Editor in 0.20 ms, found 0 plugins.
Preloading 0 native plugins for Editor in 0.00 ms.
Mono: successfully reloaded assembly
- Completed reload, in  0.655 seconds
Platform modules already initialized, skipping
Refreshing native plugins compatible for Editor in 0.18 ms, found 0 plugins.
Preloading 0 native plugins for Editor in 0.00 ms.
Unloading 1112 Unused Serialized files (Serialized files now loaded: 0)
System memory in use before: 59.4 MB.
System memory in use after: 59.5 MB.

Unloading 5 unused Assets to reduce memory usage. Loaded Objects now: 1575.
Total: 1.328000 ms (FindLiveObjects: 0.138500 ms CreateObjectMapping: 0.025000 ms MarkObjects: 1.152800 ms  DeleteObjects: 0.010700 ms)

========================================================================
Received Prepare
Registering precompiled user dll's ...
Registered in 0.000725 seconds.
Begin MonoManager ReloadAssembly
Native extension for WindowsStandalone target not found
Refreshing native plugins compatible for Editor in 0.21 ms, found 0 plugins.
Preloading 0 native plugins for Editor in 0.00 ms.
Mono: successfully reloaded assembly
- Completed reload, in  0.658 seconds
Platform modules already initialized, skipping
Refreshing native plugins compatible for Editor in 0.43 ms, found 0 plugins.
Preloading 0 native plugins for Editor in 0.00 ms.
Unloading 1112 Unused Serialized files (Serialized files now loaded: 0)
System memory in use before: 59.4 MB.
System memory in use after: 59.5 MB.

Unloading 5 unused Assets to reduce memory usage. Loaded Objects now: 1578.
Total: 1.349300 ms (FindLiveObjects: 0.162000 ms CreateObjectMapping: 0.030800 ms MarkObjects: 1.145200 ms  DeleteObjects: 0.010300 ms)

========================================================================
Received Import Request.
  Time since last request: 72.822281 seconds.
  path: Assets/_Scripts/HttpClient.cs
  artifactKey: Guid(65221f24ddc73a04989ee54e7caac865) Importer(815301076,1909f56bfc062723c751e8b465ee728b)
Start importing Assets/_Scripts/HttpClient.cs using Guid(65221f24ddc73a04989ee54e7caac865) Importer(815301076,1909f56bfc062723c751e8b465ee728b)  -> (artifact id: '80a39f6e547c85c050872ae8a50755be') in 0.003268 seconds
  Import took 0.004892 seconds .

========================================================================
Received Prepare
Registering precompiled user dll's ...
Registered in 0.000729 seconds.
Begin MonoManager ReloadAssembly
Native extension for WindowsStandalone target not found
Refreshing native plugins compatible for Editor in 0.22 ms, found 0 plugins.
Preloading 0 native plugins for Editor in 0.00 ms.
Mono: successfully reloaded assembly
- Completed reload, in  0.674 seconds
Platform modules already initialized, skipping
Refreshing native plugins compatible for Editor in 0.19 ms, found 0 plugins.
Preloading 0 native plugins for Editor in 0.00 ms.
Unloading 1112 Unused Serialized files (Serialized files now loaded: 0)
System memory in use before: 59.4 MB.
System memory in use after: 59.5 MB.

Unloading 5 unused Assets to reduce memory usage. Loaded Objects now: 1581.
Total: 1.393100 ms (FindLiveObjects: 0.160100 ms CreateObjectMapping: 0.026000 ms MarkObjects: 1.193800 ms  DeleteObjects: 0.012200 ms)

========================================================================
Received Import Request.
  Time since last request: 78.801509 seconds.
  path: Assets/_Scripts/GameManager.cs
  artifactKey: Guid(4ba48e7dbd93a7845a5f672290c0e8b8) Importer(815301076,1909f56bfc062723c751e8b465ee728b)
Start importing Assets/_Scripts/GameManager.cs using Guid(4ba48e7dbd93a7845a5f672290c0e8b8) Importer(815301076,1909f56bfc062723c751e8b465ee728b)  -> (artifact id: '3d461e8be7a12520cff53181c48f79a2') in 0.003572 seconds
  Import took 0.005363 seconds .

========================================================================
Received Prepare
Registering precompiled user dll's ...
Registered in 0.000808 seconds.
Begin MonoManager ReloadAssembly
Native extension for WindowsStandalone target not found
Refreshing native plugins compatible for Editor in 0.23 ms, found 0 plugins.
Preloading 0 native plugins for Editor in 0.00 ms.
Mono: successfully reloaded assembly
- Completed reload, in  0.773 seconds
Platform modules already initialized, skipping
Refreshing native plugins compatible for Editor in 0.50 ms, found 0 plugins.
Preloading 0 native plugins for Editor in 0.00 ms.
Unloading 1112 Unused Serialized files (Serialized files now loaded: 0)
System memory in use before: 59.5 MB.
System memory in use after: 59.6 MB.

Unloading 5 unused Assets to reduce memory usage. Loaded Objects now: 1584.
Total: 2.076000 ms (FindLiveObjects: 0.227000 ms CreateObjectMapping: 0.038600 ms MarkObjects: 1.790900 ms  DeleteObjects: 0.017800 ms)

========================================================================
Received Prepare
Registering precompiled user dll's ...
Registered in 0.001098 seconds.
Begin MonoManager ReloadAssembly
Native extension for WindowsStandalone target not found
Refreshing native plugins compatible for Editor in 0.34 ms, found 0 plugins.
Preloading 0 native plugins for Editor in 0.00 ms.
Mono: successfully reloaded assembly
- Completed reload, in  0.816 seconds
Platform modules already initialized, skipping
Refreshing native plugins compatible for Editor in 0.42 ms, found 0 plugins.
Preloading 0 native plugins for Editor in 0.00 ms.
Unloading 1112 Unused Serialized files (Serialized files now loaded: 0)
System memory in use before: 59.5 MB.
System memory in use after: 59.6 MB.

Unloading 5 unused Assets to reduce memory usage. Loaded Objects now: 1587.
Total: 1.374700 ms (FindLiveObjects: 0.150200 ms CreateObjectMapping: 0.023600 ms MarkObjects: 1.186400 ms  DeleteObjects: 0.012600 ms)

========================================================================
Received Prepare
Registering precompiled user dll's ...
Registered in 0.000884 seconds.
Begin MonoManager ReloadAssembly
Native extension for WindowsStandalone target not found
Refreshing native plugins compatible for Editor in 0.20 ms, found 0 plugins.
Preloading 0 native plugins for Editor in 0.00 ms.
Mono: successfully reloaded assembly
- Completed reload, in  0.649 seconds
Platform modules already initialized, skipping
Refreshing native plugins compatible for Editor in 0.36 ms, found 0 plugins.
Preloading 0 native plugins for Editor in 0.00 ms.
Unloading 1112 Unused Serialized files (Serialized files now loaded: 0)
System memory in use before: 59.5 MB.
System memory in use after: 59.6 MB.

Unloading 5 unused Assets to reduce memory usage. Loaded Objects now: 1590.
Total: 1.870600 ms (FindLiveObjects: 0.147200 ms CreateObjectMapping: 0.028000 ms MarkObjects: 1.680300 ms  DeleteObjects: 0.013700 ms)

========================================================================
Received Prepare
Registering precompiled user dll's ...
Registered in 0.000737 seconds.
Begin MonoManager ReloadAssembly
Native extension for WindowsStandalone target not found
Refreshing native plugins compatible for Editor in 0.20 ms, found 0 plugins.
Preloading 0 native plugins for Editor in 0.00 ms.
Mono: successfully reloaded assembly
- Completed reload, in  0.672 seconds
Platform modules already initialized, skipping
Refreshing native plugins compatible for Editor in 0.18 ms, found 0 plugins.
Preloading 0 native plugins for Editor in 0.00 ms.
Unloading 1112 Unused Serialized files (Serialized files now loaded: 0)
System memory in use before: 59.5 MB.
System memory in use after: 59.6 MB.

Unloading 5 unused Assets to reduce memory usage. Loaded Objects now: 1593.
Total: 1.509200 ms (FindLiveObjects: 0.160300 ms CreateObjectMapping: 0.025900 ms MarkObjects: 1.308900 ms  DeleteObjects: 0.012500 ms)

========================================================================
Received Prepare
Registering precompiled user dll's ...
Registered in 0.000846 seconds.
Begin MonoManager ReloadAssembly
Native extension for WindowsStandalone target not found
Refreshing native plugins compatible for Editor in 0.47 ms, found 0 plugins.
Preloading 0 native plugins for Editor in 0.00 ms.
Mono: successfully reloaded assembly
- Completed reload, in  0.766 seconds
Platform modules already initialized, skipping
Refreshing native plugins compatible for Editor in 0.28 ms, found 0 plugins.
Preloading 0 native plugins for Editor in 0.00 ms.
Unloading 1112 Unused Serialized files (Serialized files now loaded: 0)
System memory in use before: 59.5 MB.
System memory in use after: 59.6 MB.

Unloading 5 unused Assets to reduce memory usage. Loaded Objects now: 1596.
Total: 1.555200 ms (FindLiveObjects: 0.148200 ms CreateObjectMapping: 0.024700 ms MarkObjects: 1.365400 ms  DeleteObjects: 0.015200 ms)

========================================================================
Received Prepare
Registering precompiled user dll's ...
Registered in 0.000867 seconds.
Begin MonoManager ReloadAssembly
Native extension for WindowsStandalone target not found
Refreshing native plugins compatible for Editor in 0.20 ms, found 0 plugins.
Preloading 0 native plugins for Editor in 0.00 ms.
Mono: successfully reloaded assembly
- Completed reload, in  0.728 seconds
Platform modules already initialized, skipping
Refreshing native plugins compatible for Editor in 0.33 ms, found 0 plugins.
Preloading 0 native plugins for Editor in 0.00 ms.
Unloading 1112 Unused Serialized files (Serialized files now loaded: 0)
System memory in use before: 59.5 MB.
System memory in use after: 59.6 MB.

Unloading 5 unused Assets to reduce memory usage. Loaded Objects now: 1599.
Total: 1.679700 ms (FindLiveObjects: 0.139500 ms CreateObjectMapping: 0.025500 ms MarkObjects: 1.501000 ms  DeleteObjects: 0.012200 ms)

========================================================================
Received Prepare
Registering precompiled user dll's ...
Registered in 0.000759 seconds.
Begin MonoManager ReloadAssembly
Native extension for WindowsStandalone target not found
Refreshing native plugins compatible for Editor in 0.33 ms, found 0 plugins.
Preloading 0 native plugins for Editor in 0.00 ms.
Mono: successfully reloaded assembly
- Completed reload, in  0.679 seconds
Platform modules already initialized, skipping
Refreshing native plugins compatible for Editor in 0.21 ms, found 0 plugins.
Preloading 0 native plugins for Editor in 0.00 ms.
Unloading 1112 Unused Serialized files (Serialized files now loaded: 0)
System memory in use before: 59.5 MB.
System memory in use after: 59.6 MB.

Unloading 5 unused Assets to reduce memory usage. Loaded Objects now: 1602.
Total: 1.559000 ms (FindLiveObjects: 0.128300 ms CreateObjectMapping: 0.023300 ms MarkObjects: 1.394400 ms  DeleteObjects: 0.012100 ms)

========================================================================
Received Import Request.
  Time since last request: 683.835502 seconds.
  path: Assets/_Scripts/GameManager.cs
  artifactKey: Guid(4ba48e7dbd93a7845a5f672290c0e8b8) Importer(815301076,1909f56bfc062723c751e8b465ee728b)
Start importing Assets/_Scripts/GameManager.cs using Guid(4ba48e7dbd93a7845a5f672290c0e8b8) Importer(815301076,1909f56bfc062723c751e8b465ee728b)  -> (artifact id: '935b6c23a421847d3d9563332da42111') in 0.003225 seconds
  Import took 0.005188 seconds .

========================================================================
Received Import Request.
  Time since last request: 0.001628 seconds.
  path: Assets/_Scripts/GameManager.cs
  artifactKey: Guid(4ba48e7dbd93a7845a5f672290c0e8b8) Importer(815301076,1909f56bfc062723c751e8b465ee728b)
Start importing Assets/_Scripts/GameManager.cs using Guid(4ba48e7dbd93a7845a5f672290c0e8b8) Importer(815301076,1909f56bfc062723c751e8b465ee728b)  -> (artifact id: '935b6c23a421847d3d9563332da42111') in 0.001637 seconds
  Import took 0.003449 seconds .

========================================================================
Received Prepare
Registering precompiled user dll's ...
Registered in 0.000858 seconds.
Begin MonoManager ReloadAssembly
Native extension for WindowsStandalone target not found
Refreshing native plugins compatible for Editor in 0.20 ms, found 0 plugins.
Preloading 0 native plugins for Editor in 0.00 ms.
Mono: successfully reloaded assembly
- Completed reload, in  0.632 seconds
Platform modules already initialized, skipping
Refreshing native plugins compatible for Editor in 0.21 ms, found 0 plugins.
Preloading 0 native plugins for Editor in 0.00 ms.
Unloading 1112 Unused Serialized files (Serialized files now loaded: 0)
System memory in use before: 59.5 MB.
System memory in use after: 59.6 MB.

Unloading 5 unused Assets to reduce memory usage. Loaded Objects now: 1605.
Total: 1.409000 ms (FindLiveObjects: 0.145000 ms CreateObjectMapping: 0.023900 ms MarkObjects: 1.226400 ms  DeleteObjects: 0.012600 ms)

========================================================================
Received Import Request.
  Time since last request: 45.806581 seconds.
  path: Assets/_Scripts/GameManager.cs
  artifactKey: Guid(4ba48e7dbd93a7845a5f672290c0e8b8) Importer(815301076,1909f56bfc062723c751e8b465ee728b)
Start importing Assets/_Scripts/GameManager.cs using Guid(4ba48e7dbd93a7845a5f672290c0e8b8) Importer(815301076,1909f56bfc062723c751e8b465ee728b)  -> (artifact id: '3d21ed7403e1b0a63139dbb69ba5acad') in 0.003504 seconds
  Import took 0.005010 seconds .

========================================================================
Received Prepare
Registering precompiled user dll's ...
Registered in 0.001353 seconds.
Begin MonoManager ReloadAssembly
Native extension for WindowsStandalone target not found
Refreshing native plugins compatible for Editor in 0.21 ms, found 0 plugins.
Preloading 0 native plugins for Editor in 0.00 ms.
Mono: successfully reloaded assembly
- Completed reload, in  0.657 seconds
Platform modules already initialized, skipping
Refreshing native plugins compatible for Editor in 0.24 ms, found 0 plugins.
Preloading 0 native plugins for Editor in 0.00 ms.
Unloading 1112 Unused Serialized files (Serialized files now loaded: 0)
System memory in use before: 59.5 MB.
System memory in use after: 59.6 MB.

Unloading 5 unused Assets to reduce memory usage. Loaded Objects now: 1608.
Total: 1.547900 ms (FindLiveObjects: 0.168800 ms CreateObjectMapping: 0.027200 ms MarkObjects: 1.335800 ms  DeleteObjects: 0.015100 ms)

========================================================================
Received Prepare
Trying to reload asset but can't find object on disk

Registering precompiled user dll's ...
Registered in 0.000443 seconds.
Begin MonoManager ReloadAssembly
Native extension for WindowsStandalone target not found
Refreshing native plugins compatible for Editor in 0.19 ms, found 0 plugins.
Preloading 0 native plugins for Editor in 0.00 ms.
Mono: successfully reloaded assembly
- Completed reload, in  0.656 seconds
Platform modules already initialized, skipping
Refreshing native plugins compatible for Editor in 0.23 ms, found 0 plugins.
Preloading 0 native plugins for Editor in 0.00 ms.
Unloading 1109 Unused Serialized files (Serialized files now loaded: 0)
System memory in use before: 59.6 MB.
System memory in use after: 59.7 MB.

Unloading 6 unused Assets to reduce memory usage. Loaded Objects now: 1609.
Total: 1.688700 ms (FindLiveObjects: 0.155300 ms CreateObjectMapping: 0.024400 ms MarkObjects: 1.490600 ms  DeleteObjects: 0.017000 ms)

========================================================================
Received Import Request.
  Time since last request: 754.397288 seconds.
  path: Assets
  artifactKey: Guid(00000000000000001000000000000000) Importer(815301076,1909f56bfc062723c751e8b465ee728b)
Start importing Assets using Guid(00000000000000001000000000000000) Importer(815301076,1909f56bfc062723c751e8b465ee728b)  -> (artifact id: '42d402b061de3733987d63b9cc3b64de') in 0.008018 seconds
  Import took 0.009792 seconds .

AssetImportWorkerClient::OnTransportError - code=2 error=End of file
